[debug] [2026-06-05T11:09:35.417Z] ----------------------------------------------------------------------
[debug] [2026-06-05T11:09:35.421Z] Command:       /opt/homebrew/Cellar/node/25.8.0/bin/node /opt/homebrew/bin/firebase apps:list --project core-admin-tuskus
[debug] [2026-06-05T11:09:35.422Z] CLI Version:   14.20.0
[debug] [2026-06-05T11:09:35.422Z] Platform:      darwin
[debug] [2026-06-05T11:09:35.422Z] Node Version:  v25.8.0
[debug] [2026-06-05T11:09:35.423Z] Time:          Fri Jun 05 2026 16:39:35 GMT+0530 (India Standard Time)
[debug] [2026-06-05T11:09:35.423Z] ----------------------------------------------------------------------
[debug] 
[debug] [2026-06-05T11:09:35.428Z] >>> [apiv2][query] GET https://firebase-public.firebaseio.com/cli.json [none]
[debug] [2026-06-05T11:09:35.525Z] > command requires scopes: ["email","openid","https://www.googleapis.com/auth/cloudplatformprojects.readonly","https://www.googleapis.com/auth/firebase","https://www.googleapis.com/auth/cloud-platform"]
[debug] [2026-06-05T11:09:35.526Z] > authorizing via signed-in user (app@teamic.in)
[debug] [2026-06-05T11:09:35.535Z] Checked if tokens are valid: false, expires at: 1779875161533
[debug] [2026-06-05T11:09:35.536Z] Checked if tokens are valid: false, expires at: 1779875161533
[debug] [2026-06-05T11:09:35.537Z] > refreshing access token with scopes: []
[debug] [2026-06-05T11:09:35.539Z] >>> [apiv2][query] POST https://www.googleapis.com/oauth2/v3/token [none]
[debug] [2026-06-05T11:09:35.539Z] >>> [apiv2][body] POST https://www.googleapis.com/oauth2/v3/token [omitted]
[debug] [2026-06-05T11:09:36.118Z] <<< [apiv2][status] POST https://www.googleapis.com/oauth2/v3/token 400
[debug] [2026-06-05T11:09:36.118Z] <<< [apiv2][body] POST https://www.googleapis.com/oauth2/v3/token [omitted]
[error] Authentication Error: Your credentials are no longer valid. Please run firebase login --reauth

For CI servers and headless environments, generate a new token with firebase login:ci
[error] Authentication Error: Your credentials are no longer valid. Please run firebase login --reauth

For CI servers and headless environments, generate a new token with firebase login:ci
[debug] [2026-06-05T11:09:36.153Z] Authentication Error: Your credentials are no longer valid. Please run firebase login --reauth

For CI servers and headless environments, generate a new token with firebase login:ci
[debug] [2026-06-05T11:09:36.456Z] <<< [apiv2][status] GET https://firebase-public.firebaseio.com/cli.json 200
[debug] [2026-06-05T11:09:36.457Z] <<< [apiv2][body] GET https://firebase-public.firebaseio.com/cli.json {"cloudBuildErrorAfter":1594252800000,"cloudBuildWarnAfter":1590019200000,"defaultNode10After":1594252800000,"minVersion":"3.0.5","node8DeploysDisabledAfter":1613390400000,"node8RuntimeDisabledAfter":1615809600000,"node8WarnAfter":1600128000000}
[debug] [2026-06-05T11:09:36.656Z] FirebaseError: Authentication Error: Your credentials are no longer valid. Please run firebase login --reauth

For CI servers and headless environments, generate a new token with firebase login:ci
    at invalidCredentialError (/opt/homebrew/lib/node_modules/firebase-tools/lib/auth.js:167:12)
    at refreshTokens (/opt/homebrew/lib/node_modules/firebase-tools/lib/auth.js:591:15)
    at process.processTicksAndRejections (node:internal/process/task_queues:104:5)
    at async getAccessToken (/opt/homebrew/lib/node_modules/firebase-tools/lib/apiv2.js:42:18)
    at async Client.addAuthHeader (/opt/homebrew/lib/node_modules/firebase-tools/lib/apiv2.js:169:21)
    at async Client.request (/opt/homebrew/lib/node_modules/firebase-tools/lib/apiv2.js:120:34)
    at async listFirebaseApps (/opt/homebrew/lib/node_modules/firebase-tools/lib/management/apps.js:354:30)
    at async Command.actionFn (/opt/homebrew/lib/node_modules/firebase-tools/lib/commands/apps-list.js:43:16)
[error] 
[error] Error: Failed to list Firebase apps. See firebase-debug.log for more info.
